[debug] [2021-06-24T06:50:28.729Z] ----------------------------------------------------------------------
[debug] [2021-06-24T06:50:28.737Z] Command:       C:\Program Files\nodejs\node.exe C:\Users\91961\AppData\Roaming\npm\node_modules\firebase-tools\lib\bin\firebase.js init
[debug] [2021-06-24T06:50:28.738Z] CLI Version:   9.14.0
[debug] [2021-06-24T06:50:28.738Z] Platform:      win32
[debug] [2021-06-24T06:50:28.739Z] Node Version:  v14.17.0
[debug] [2021-06-24T06:50:28.742Z] Time:          Thu Jun 24 2021 12:20:28 GMT+0530 (India Standard Time)
[debug] [2021-06-24T06:50:28.742Z] ----------------------------------------------------------------------
[debug] 
[debug] [2021-06-24T06:50:28.768Z] > command requires scopes: ["email","openid","https://www.googleapis.com/auth/cloudplatformprojects.readonly","https://www.googleapis.com/auth/firebase","https://www.googleapis.com/auth/cloud-platform"]
[debug] [2021-06-24T06:50:28.768Z] > authorizing via signed-in user (victorcoolboy2009@gmail.com)
[info] 
     ######## #### ########  ######## ########     ###     ######  ########
     ##        ##  ##     ## ##       ##     ##  ##   ##  ##       ##
     ######    ##  ########  ######   ########  #########  ######  ######
     ##        ##  ##    ##  ##       ##     ## ##     ##       ## ##
     ##       #### ##     ## ######## ########  ##     ##  ######  ########

You're about to initialize a Firebase project in this directory:

  C:\Projects\Facebook\fb-clone

Before we get started, keep in mind:

  * You are currently outside your home directory
  * You are initializing within an existing Firebase project directory

[info] 
=== Project Setup
[info] 
[info] First, let's associate this project directory with a Firebase project.
[info] You can create multiple project aliases by running firebase use --add, 
[info] but for now we'll just set up a default project.
[info] 
[info] i  .firebaserc already has a default project, using fb-clone-3d106. 
[debug] [2021-06-24T06:50:44.254Z] > refreshing access token with scopes: []
[debug] [2021-06-24T06:50:44.255Z] >>> HTTP REQUEST POST https://www.googleapis.com/oauth2/v3/token  
 <request body omitted>
[debug] [2021-06-24T06:50:44.520Z] <<< HTTP RESPONSE 200 {"pragma":"no-cache","date":"Thu, 24 Jun 2021 06:50:44 GMT","expires":"Mon, 01 Jan 1990 00:00:00 GMT","cache-control":"no-cache, no-store, max-age=0, must-revalidate","content-type":"application/json; charset=utf-8","vary":"X-Origin, Referer, Origin,Accept-Encoding","server":"scaffolding on HTTPServer2","x-xss-protection":"0","x-frame-options":"SAMEORIGIN","x-content-type-options":"nosniff","alt-svc":"h3=\":443\"; ma=2592000,h3-29=\":443\"; ma=2592000,h3-T051=\":443\"; ma=2592000,h3-Q050=\":443\"; ma=2592000,h3-Q046=\":443\"; ma=2592000,h3-Q043=\":443\"; ma=2592000,quic=\":443\"; ma=2592000; v=\"46,43\"","accept-ranges":"none","transfer-encoding":"chunked"}
[debug] [2021-06-24T06:50:44.545Z] >>> [apiv2][query] GET https://firebase.googleapis.com/v1beta1/projects/fb-clone-3d106 [none]
[debug] [2021-06-24T06:50:45.067Z] <<< [apiv2][status] GET https://firebase.googleapis.com/v1beta1/projects/fb-clone-3d106 200
[debug] [2021-06-24T06:50:45.068Z] <<< [apiv2][body] GET https://firebase.googleapis.com/v1beta1/projects/fb-clone-3d106 {"projectId":"fb-clone-3d106","projectNumber":"430317666815","displayName":"fb-clone","name":"projects/fb-clone-3d106","resources":{"hostingSite":"fb-clone-3d106","storageBucket":"fb-clone-3d106.appspot.com","locationId":"asia-south1"},"state":"ACTIVE"}
[info] 
=== Hosting Setup
[info] 
[info] Your public directory is the folder (relative to your project directory) that
[info] will contain Hosting assets to be uploaded with firebase deploy. If you
[info] have a build process for your assets, use your build's output directory.
[info] 
[debug] [2021-06-24T06:51:49.177Z] ----------------------------------------------------------------------
[debug] [2021-06-24T06:51:49.182Z] Command:       C:\Program Files\nodejs\node.exe C:\Users\91961\AppData\Roaming\npm\node_modules\firebase-tools\lib\bin\firebase.js init
[debug] [2021-06-24T06:51:49.184Z] CLI Version:   9.14.0
[debug] [2021-06-24T06:51:49.184Z] Platform:      win32
[debug] [2021-06-24T06:51:49.185Z] Node Version:  v14.17.0
[debug] [2021-06-24T06:51:49.188Z] Time:          Thu Jun 24 2021 12:21:49 GMT+0530 (India Standard Time)
[debug] [2021-06-24T06:51:49.189Z] ----------------------------------------------------------------------
[debug] 
[debug] [2021-06-24T06:51:49.210Z] > command requires scopes: ["email","openid","https://www.googleapis.com/auth/cloudplatformprojects.readonly","https://www.googleapis.com/auth/firebase","https://www.googleapis.com/auth/cloud-platform"]
[debug] [2021-06-24T06:51:49.211Z] > authorizing via signed-in user (victorcoolboy2009@gmail.com)
[info] 
     ######## #### ########  ######## ########     ###     ######  ########
     ##        ##  ##     ## ##       ##     ##  ##   ##  ##       ##
     ######    ##  ########  ######   ########  #########  ######  ######
     ##        ##  ##    ##  ##       ##     ## ##     ##       ## ##
     ##       #### ##     ## ######## ########  ##     ##  ######  ########

You're about to initialize a Firebase project in this directory:

  C:\Projects\Facebook\fb-clone

Before we get started, keep in mind:

  * You are currently outside your home directory
  * You are initializing within an existing Firebase project directory

[info] 
=== Project Setup
[info] 
[info] First, let's associate this project directory with a Firebase project.
[info] You can create multiple project aliases by running firebase use --add, 
[info] but for now we'll just set up a default project.
[info] 
[info] i  .firebaserc already has a default project, using fb-clone-3d106. 
[debug] [2021-06-24T06:51:57.657Z] >>> [apiv2][query] GET https://firebase.googleapis.com/v1beta1/projects/fb-clone-3d106 [none]
[debug] [2021-06-24T06:51:59.046Z] <<< [apiv2][status] GET https://firebase.googleapis.com/v1beta1/projects/fb-clone-3d106 200
[debug] [2021-06-24T06:51:59.047Z] <<< [apiv2][body] GET https://firebase.googleapis.com/v1beta1/projects/fb-clone-3d106 {"projectId":"fb-clone-3d106","projectNumber":"430317666815","displayName":"fb-clone","name":"projects/fb-clone-3d106","resources":{"hostingSite":"fb-clone-3d106","storageBucket":"fb-clone-3d106.appspot.com","locationId":"asia-south1"},"state":"ACTIVE"}
[info] 
=== Hosting Setup
[info] 
[info] Your public directory is the folder (relative to your project directory) that
[info] will contain Hosting assets to be uploaded with firebase deploy. If you
[info] have a build process for your assets, use your build's output directory.
[info] 
[debug] [2021-06-24T06:52:53.431Z] >>> [apiv2][query] GET https://www.gstatic.com/firebasejs/releases.json [none]
[debug] [2021-06-24T06:52:53.564Z] <<< [apiv2][status] GET https://www.gstatic.com/firebasejs/releases.json 200
[debug] [2021-06-24T06:52:53.564Z] <<< [apiv2][body] GET https://www.gstatic.com/firebasejs/releases.json {"current":{"version":"8.6.8","browserURL":"https://www.gstatic.com/firebasejs/8.6.8/firebase.js","packageURL":"https://www.gstatic.com/firebasejs/8.6.8/firebase.tgz"},"live":{"version":"8.6","browserURL":"https://www.gstatic.com/firebasejs/live/8.6/firebase.js","packageURL":"https://www.gstatic.com/firebasejs/live/8.6/firebase.tgz"},"components":{"analytics":"https://www.gstatic.com/firebasejs/8.6.8/firebase-analytics.js","app":"https://www.gstatic.com/firebasejs/8.6.8/firebase-app.js","app-check":"https://www.gstatic.com/firebasejs/8.6.8/firebase-app-check.js","auth":"https://www.gstatic.com/firebasejs/8.6.8/firebase-auth.js","database":"https://www.gstatic.com/firebasejs/8.6.8/firebase-database.js","firestore":"https://www.gstatic.com/firebasejs/8.6.8/firebase-firestore.js","functions":"https://www.gstatic.com/firebasejs/8.6.8/firebase-functions.js","installations":"https://www.gstatic.com/firebasejs/8.6.8/firebase-installations.js","messaging":"https://www.gstatic.com/firebasejs/8.6.8/firebase-messaging.js","storage":"https://www.gstatic.com/firebasejs/8.6.8/firebase-storage.js","performance":"https://www.gstatic.com/firebasejs/8.6.8/firebase-performance.js","remote-config":"https://www.gstatic.com/firebasejs/8.6.8/firebase-remote-config.js","firestore.memory":"https://www.gstatic.com/firebasejs/8.6.8/firebase-firestore.memory.js"}}
[info] +  Wrote build/index.html 
[info] 
[info] i  Detected a .git folder at C:\Projects\Facebook\fb-clone 
[info] i  Authorizing with GitHub to upload your service account to a GitHub repository's secrets store. 
[info] 
[info] Visit this URL on this device to log in:
[info] https://github.com/login/oauth/authorize?client_id=89cf50f02ac6aaed3484&state=640258143&redirect_uri=http%3A%2F%2Flocalhost%3A9005&scope=read%3Auser%20repo%20public_repo
[info] 
[info] Waiting for authentication...
[debug] [2021-06-24T06:53:01.910Z] >>> HTTP REQUEST POST https://github.com/login/oauth/access_token  
 {"client_id":"89cf50f02ac6aaed3484","client_secret":"3330d14abc895d9a74d5f17cd7a00711fa2c5bf0","code":"58103b6428e6017c9918","redirect_uri":"http://localhost:9005","state":"640258143"}
[debug] [2021-06-24T06:53:02.350Z] <<< HTTP RESPONSE 200 {"server":"GitHub.com","date":"Thu, 24 Jun 2021 06:53:02 GMT","content-type":"application/json; charset=utf-8","transfer-encoding":"chunked","vary":"X-PJAX, Accept-Encoding, Accept, X-Requested-With","permissions-policy":"interest-cohort=()","etag":"W/\"3b026007758829682e64b9e18c0c03e0\"","cache-control":"max-age=0, private, must-revalidate","strict-transport-security":"max-age=31536000; includeSubdomains; preload","x-frame-options":"deny","x-content-type-options":"nosniff","x-xss-protection":"0","referrer-policy":"origin-when-cross-origin, strict-origin-when-cross-origin","expect-ct":"max-age=2592000, report-uri=\"https://api.github.com/_private/browser/errors\"","content-security-policy":"default-src 'none'; base-uri 'self'; block-all-mixed-content; connect-src 'self' uploads.github.com www.githubstatus.com collector.githubapp.com api.github.com github-cloud.s3.amazonaws.com github-production-repository-file-5c1aeb.s3.amazonaws.com github-production-upload-manifest-file-7fdce7.s3.amazonaws.com github-production-user-asset-6210df.s3.amazonaws.com cdn.optimizely.com logx.optimizely.com/v1/events translator.github.com wss://alive.github.com; font-src github.githubassets.com; form-action 'self' github.com gist.github.com; frame-ancestors 'none'; frame-src render.githubusercontent.com render-temp.githubusercontent.com viewscreen.githubusercontent.com; img-src 'self' data: github.githubassets.com identicons.github.com collector.githubapp.com github-cloud.s3.amazonaws.com secured-user-images.githubusercontent.com/ *.githubusercontent.com; manifest-src 'self'; media-src 'none'; script-src github.githubassets.com; style-src 'unsafe-inline' github.githubassets.com; worker-src github.com/socket-worker-3f088aa2.js gist.github.com/socket-worker-3f088aa2.js","x-github-request-id":"179A:0639:C7B947:D78566:60D42BCE"}
[debug] [2021-06-24T06:53:02.361Z] >>> [apiv2][query] GET https://api.github.com/user [none]
[debug] [2021-06-24T06:53:02.868Z] <<< [apiv2][status] GET https://api.github.com/user 200
[debug] [2021-06-24T06:53:02.868Z] <<< [apiv2][body] GET https://api.github.com/user {"login":"victor-dey96","id":83303995,"node_id":"MDQ6VXNlcjgzMzAzOTk1","avatar_url":"https://avatars.githubusercontent.com/u/83303995?v=4","gravatar_id":"","url":"https://api.github.com/users/victor-dey96","html_url":"https://github.com/victor-dey96","followers_url":"https://api.github.com/users/victor-dey96/followers","following_url":"https://api.github.com/users/victor-dey96/following{/other_user}","gists_url":"https://api.github.com/users/victor-dey96/gists{/gist_id}","starred_url":"https://api.github.com/users/victor-dey96/starred{/owner}{/repo}","subscriptions_url":"https://api.github.com/users/victor-dey96/subscriptions","organizations_url":"https://api.github.com/users/victor-dey96/orgs","repos_url":"https://api.github.com/users/victor-dey96/repos","events_url":"https://api.github.com/users/victor-dey96/events{/privacy}","received_events_url":"https://api.github.com/users/victor-dey96/received_events","type":"User","site_admin":false,"name":null,"company":null,"blog":"","location":null,"email":null,"hireable":null,"bio":null,"twitter_username":null,"public_repos":2,"public_gists":0,"followers":0,"following":0,"created_at":"2021-04-27T17:24:36Z","updated_at":"2021-06-21T15:18:30Z","private_gists":0,"total_private_repos":4,"owned_private_repos":4,"disk_usage":215,"collaborators":0,"two_factor_authentication":false,"plan":{"name":"free","space":976562499,"collaborators":0,"private_repos":10000}}
[info] 
[info] +  Success! Logged into GitHub as victor-dey96 
[info] 
